12:34:28 **** Rebuild of configuration Debug for project due-project-test ****
Info: Internal Builder is used for build
g++ -I/Users/davidminnix/Documents/workspace-due-custom/due-project-test/libTest -I/Users/davidminnix/Documents/workspace-due-custom/due-project-library/include -O0 -g3 -Wall -c -fmessage-length=0 -o src/factorial.test.o ../src/factorial.test.cpp 
g++ -I/Users/davidminnix/Documents/workspace-due-custom/due-project-test/libTest -I/Users/davidminnix/Documents/workspace-due-custom/due-project-library/include -O0 -g3 -Wall -c -fmessage-length=0 -o src/run-all-tests.o ../src/run-all-tests.cpp 
g++ -I/Users/davidminnix/Documents/workspace-due-custom/due-project-test/libTest -I/Users/davidminnix/Documents/workspace-due-custom/due-project-library/include -O0 -g3 -Wall -c -fmessage-length=0 -o libTest/gtest/gtest-all.o ../libTest/gtest/gtest-all.cc 
g++ -L/Users/davidminnix/Documents/workspace-due-custom/due-project-library/Debug -o due-project-test libTest/gtest/gtest-all.o src/factorial.test.o src/run-all-tests.o -lpthread -ldue-project-library 
ld: library not found for -ldue-project-library
clang: error: linker command failed with exit code 1 (use -v to see invocation)
12:35:54 **** Build of configuration Debug for project due-custom-cpp-runner ****
make all 
Building file: ../main.cpp
Invoking: Cross G++ Compiler
g++ -I"/Users/davidminnix/Documents/workspace-due-custom/due-project-library/include" -O0 -g3 -Wall -c -fmessage-length=0 -MMD -MP -MF"main.d" -MT"main.o" -o "main.o" "../main.cpp"
Finished building: ../main.cpp
 
Building target: due-custom-cpp-runner
Invoking: Cross G++ Linker
g++ -L"/Users/davidminnix/Documents/workspace-due-custom/due-project-library/Debug" -o "due-custom-cpp-runner"  ./main.o   -ldue-project-library
ld: library not found for -ldue-project-library
clang: error: linker command failed with exit code 1 (use -v to see invocation)
make: *** [due-custom-cpp-runner] Error 1
12:35:54 **** Rebuild of configuration Debug for project due-project-library ****
Info: Internal Builder is used for build
g++ -I/Users/davidminnix/Documents/workspace-due-custom/due-project-library/include -O0 -g3 -Wall -c -fmessage-length=0 -o src/factorial.o ../src/factorial.cpp 
ar -r libdue-project-library.a src/factorial.o 
ar: creating archive libdue-project-library.a
12:35:54 **** Incremental Build of configuration Debug for project due-project-test ****
Info: Internal Builder is used for build
g++ -L/Users/davidminnix/Documents/workspace-due-custom/due-project-library/Debug -o due-project-test libTest/gtest/gtest-all.o src/factorial.test.o src/run-all-tests.o -lpthread -l/Users/davidminnix/Documents/workspace-due-custom/due-project-library/Debug/libdue-project-library.a 
ld: library not found for -l/Users/davidminnix/Documents/workspace-due-custom/due-project-library/Debug/libdue-project-library.a
clang: error: linker command failed with exit code 1 (use -v to see invocation)
12:36:21 **** Incremental Build of configuration Debug for project due-custom-cpp-runner ****
make all 
Building target: due-custom-cpp-runner
Invoking: Cross G++ Linker
g++ -L"/Users/davidminnix/Documents/workspace-due-custom/due-project-library/Debug" -o "due-custom-cpp-runner"  ./main.o   -ldue-project-library
Finished building target: due-custom-cpp-runner
 
Info: Nothing to build for due-project-library
12:36:21 **** Incremental Build of configuration Debug for project due-project-test ****
Info: Internal Builder is used for build
g++ -L/Users/davidminnix/Documents/workspace-due-custom/due-project-library/Debug -o due-project-test libTest/gtest/gtest-all.o src/factorial.test.o src/run-all-tests.o -lpthread -l/Users/davidminnix/Documents/workspace-due-custom/due-project-library 
ld: library not found for -l/Users/davidminnix/Documents/workspace-due-custom/due-project-library
clang: error: linker command failed with exit code 1 (use -v to see invocation)
12:36:49 **** Incremental Build of configuration Debug for project due-custom-cpp-runner ****
make all 
make: Nothing to be done for `all'.
Info: Nothing to build for due-project-library
12:36:50 **** Incremental Build of configuration Debug for project due-project-test ****
Info: Internal Builder is used for build
g++ -L/Users/davidminnix/Documents/workspace-due-custom/due-project-library/Debug -o due-project-test libTest/gtest/gtest-all.o src/factorial.test.o src/run-all-tests.o -lpthread -l/due-project-library 
ld: library not found for -l/due-project-library
clang: error: linker command failed with exit code 1 (use -v to see invocation)
12:37:59 **** Incremental Build of configuration Debug for project due-custom-cpp-runner ****
make all 
make: Nothing to be done for `all'.
Info: Nothing to build for due-project-library
12:37:59 **** Incremental Build of configuration Debug for project due-project-test ****
Info: Internal Builder is used for build
g++ -L/Users/davidminnix/Documents/workspace-due-custom/due-project-library/Debug -o due-project-test libTest/gtest/gtest-all.o src/factorial.test.o src/run-all-tests.o -lpthread -ldue-project-library 
12:38:12 **** Incremental Build of configuration Debug for project due-custom-cpp-runner ****
make all 
make: Nothing to be done for `all'.
Info: Nothing to build for due-project-library
Info: Nothing to build for due-project-test
12:38:35 **** Incremental Build of configuration Debug for project due-custom-cpp-runner ****
make all 
make: Nothing to be done for `all'.
Info: Nothing to build for due-project-library
Info: Nothing to build for due-project-test
12:39:40 **** Incremental Build of configuration Debug for project due-custom-cpp-runner ****
make all 
make: Nothing to be done for `all'.
Info: Nothing to build for due-project-library
Info: Nothing to build for due-project-test
12:41:13 **** Incremental Build of configuration Debug for project due-custom-cpp-runner ****
make all 
make: Nothing to be done for `all'.
Info: Nothing to build for due-project-library
Info: Nothing to build for due-project-test
12:41:36 **** Incremental Build of configuration Debug for project due-custom-cpp-runner ****
make all 
make: Nothing to be done for `all'.
Info: Nothing to build for due-project-library
Info: Nothing to build for due-project-test
